#
# There is insufficient memory for the Java Runtime Environment to continue.
# Native memory allocation (mmap) failed to map 201326592 bytes for G1 virtual space
# Possible reasons:
#   The system is out of physical RAM or swap space
#   The process is running with CompressedOops enabled, and the Java Heap may be blocking the growth of the native heap
# Possible solutions:
#   Reduce memory load on the system
#   Increase physical memory or swap space
#   Check if swap backing store is full
#   Decrease Java heap size (-Xmx/-Xms)
#   Decrease number of Java threads
#   Decrease Java thread stack sizes (-Xss)
#   Set larger code cache with -XX:ReservedCodeCacheSize=
#   JVM is running with Zero Based Compressed Oops mode in which the Java heap is
#     placed in the first 32GB address space. The Java Heap base address is the
#     maximum limit for the native heap growth. Please use -XX:HeapBaseMinAddress
#     to set the Java Heap base and to place the Java Heap above 32GB virtual address.
# This output file may be truncated or incomplete.
#
#  Out of Memory Error (os_windows.cpp:3528), pid=26664, tid=23448
#
# JRE version:  (20.0.1+9) (build )
# Java VM: OpenJDK 64-Bit Server VM (20.0.1+9-29, mixed mode, sharing, tiered, compressed oops, compressed class ptrs, g1 gc, windows-amd64)
# No core dump will be written. Minidumps are not enabled by default on client versions of Windows
#

---------------  S U M M A R Y ------------

Command Line: -javaagent:C:\Program Files\JetBrains\IntelliJ IDEA Community Edition 2023.1.2\lib\idea_rt.jar=8525:C:\Program Files\JetBrains\IntelliJ IDEA Community Edition 2023.1.2\bin -Dfile.encoding=UTF-8 -Dsun.stdout.encoding=UTF-8 -Dsun.stderr.encoding=UTF-8 com.sam.app.submission.SubmissionApplication

Host: Intel(R) Core(TM) i5-8250U CPU @ 1.60GHz, 8 cores, 11G,  Windows 10 , 64 bit Build 19041 (10.0.19041.3155)
Time: Fri Jul  7 18:28:43 2023 Central Daylight Time elapsed time: 0.093769 seconds (0d 0h 0m 0s)

---------------  T H R E A D  ---------------

Current thread (0x00000260cda98190):  JavaThread "Unknown thread" [_thread_in_vm, id=23448, stack(0x000000c7a1400000,0x000000c7a1500000)]

Stack: [0x000000c7a1400000,0x000000c7a1500000]
Native frames: (J=compiled Java code, j=interpreted, Vv=VM code, C=native code)
V  [jvm.dll+0x6bb95a]
V  [jvm.dll+0x8485fa]
V  [jvm.dll+0x84a1f5]
V  [jvm.dll+0x84a8f3]
V  [jvm.dll+0x280b0f]
V  [jvm.dll+0x6b86e9]
V  [jvm.dll+0x6ad2da]
V  [jvm.dll+0x35adf5]
V  [jvm.dll+0x363016]
V  [jvm.dll+0x3b3b3e]
V  [jvm.dll+0x3b3dc5]
V  [jvm.dll+0x32b50a]
V  [jvm.dll+0x32c32b]
V  [jvm.dll+0x8112bf]
V  [jvm.dll+0x3c0d91]
V  [jvm.dll+0x7fcfe3]
V  [jvm.dll+0x44c76f]
V  [jvm.dll+0x44e0e1]
C  [jli.dll+0x5287]
C  [ucrtbase.dll+0x21bb2]
C  [KERNEL32.DLL+0x17614]
C  [ntdll.dll+0x526b1]


---------------  P R O C E S S  ---------------

Threads class SMR info:
_java_thread_list=0x00007ffd680ea098, length=0, elements={
}

Java Threads: ( => current thread )

Other Threads:
  0x00000260cdaf3b70 WorkerThread "GC Thread#0" [stack: 0x000000c7a1500000,0x000000c7a1600000] [id=14436]
  0x00000260cdb01950 ConcurrentGCThread "G1 Main Marker" [stack: 0x000000c7a1600000,0x000000c7a1700000] [id=288]
  0x00000260cdb02a30 WorkerThread "G1 Conc#0" [stack: 0x000000c7a1700000,0x000000c7a1800000] [id=24180]

[error occurred during error reporting (printing all threads), id 0xc0000005, EXCEPTION_ACCESS_VIOLATION (0xc0000005) at pc=0x00007ffd678ceb47]
VM state: not at safepoint (not fully initialized)

VM Mutex/Monitor currently owned by a thread:  ([mutex/lock_event])
[0x00000260cda94650] Heap_lock - owner thread: 0x00000260cda98190

Heap address: 0x0000000741e00000, size: 3042 MB, Compressed Oops mode: Zero based, Oop shift amount: 3

CDS archive(s) mapped at: [0x0000000000000000-0x0000000000000000-0x0000000000000000), size 0, SharedBaseAddress: 0x0000000800000000, ArchiveRelocationMode: 0.
Narrow klass base: 0x0000000000000000, Narrow klass shift: 0, Narrow klass range: 0x0

GC Precious Log:
 CardTable entry size: 512
 Card Set container configuration: InlinePtr #cards 4 size 8 Array Of Cards #cards 16 size 48 Howl #buckets 8 coarsen threshold 3686 Howl Bitmap #cards 512 size 80 coarsen threshold 460 Card regions per heap region 1 cards per card region 4096

Heap:
 garbage-first heap   total 0K, used 0K [0x0000000741e00000, 0x0000000800000000)
  region size 2048K, 0 young (0K), 0 survivors (0K)

[error occurred during error reporting (printing heap information), id 0xc0000005, EXCEPTION_ACCESS_VIOLATION (0xc0000005) at pc=0x00007ffd67ca3c59]
GC Heap History (0 events):
No events

Dll operation events (1 events):
Event: 0.086 Loaded shared library C:\Users\saman\.jdks\openjdk-20.0.1\bin\java.dll

Deoptimization events (0 events):
No events

Classes loaded (0 events):
No events

Classes unloaded (0 events):
No events

Classes redefined (0 events):
No events

Internal exceptions (0 events):
No events

VM Operations (0 events):
No events

Events (0 events):
No events


Dynamic libraries:
0x00007ff7b5f80000 - 0x00007ff7b5f8e000 	C:\Users\saman\.jdks\openjdk-20.0.1\bin\java.exe
0x00007ffdf03f0000 - 0x00007ffdf05e8000 	C:\WINDOWS\SYSTEM32\ntdll.dll
0x00007ffdf0290000 - 0x00007ffdf034f000 	C:\WINDOWS\System32\KERNEL32.DLL
0x00007ffdedbd0000 - 0x00007ffdedec6000 	C:\WINDOWS\System32\KERNELBASE.dll
0x00007ffdedad0000 - 0x00007ffdedbd0000 	C:\WINDOWS\System32\ucrtbase.dll
0x00007ffdcca20000 - 0x00007ffdcca37000 	C:\Users\saman\.jdks\openjdk-20.0.1\bin\jli.dll
0x00007ffdcaf10000 - 0x00007ffdcaf2b000 	C:\Users\saman\.jdks\openjdk-20.0.1\bin\VCRUNTIME140.dll
0x00007ffdee6e0000 - 0x00007ffdee87d000 	C:\WINDOWS\System32\USER32.dll
0x00007ffdedf80000 - 0x00007ffdedfa2000 	C:\WINDOWS\System32\win32u.dll
0x00007ffdeed40000 - 0x00007ffdeed6c000 	C:\WINDOWS\System32\GDI32.dll
0x00007ffdd50e0000 - 0x00007ffdd537a000 	C:\WINDOWS\WinSxS\amd64_microsoft.windows.common-controls_6595b64144ccf1df_6.0.19041.1110_none_60b5254171f9507e\COMCTL32.dll
0x00007ffdee1d0000 - 0x00007ffdee2e5000 	C:\WINDOWS\System32\gdi32full.dll
0x00007ffdee880000 - 0x00007ffdee91e000 	C:\WINDOWS\System32\msvcrt.dll
0x00007ffdee130000 - 0x00007ffdee1cd000 	C:\WINDOWS\System32\msvcp_win.dll
0x00007ffdf0260000 - 0x00007ffdf0290000 	C:\WINDOWS\System32\IMM32.DLL
0x00007ffde15e0000 - 0x00007ffde15ec000 	C:\Users\saman\.jdks\openjdk-20.0.1\bin\vcruntime140_1.dll
0x00007ffdb1a60000 - 0x00007ffdb1aee000 	C:\Users\saman\.jdks\openjdk-20.0.1\bin\msvcp140.dll
0x00007ffd67590000 - 0x00007ffd68227000 	C:\Users\saman\.jdks\openjdk-20.0.1\bin\server\jvm.dll
0x00007ffdef8e0000 - 0x00007ffdef98f000 	C:\WINDOWS\System32\ADVAPI32.dll
0x00007ffdeeca0000 - 0x00007ffdeed3c000 	C:\WINDOWS\System32\sechost.dll
0x00007ffdee520000 - 0x00007ffdee646000 	C:\WINDOWS\System32\RPCRT4.dll
0x00007ffde10a0000 - 0x00007ffde10aa000 	C:\WINDOWS\SYSTEM32\VERSION.dll
0x00007ffddd880000 - 0x00007ffddd889000 	C:\WINDOWS\SYSTEM32\WSOCK32.dll
0x00007ffdddbd0000 - 0x00007ffdddbf7000 	C:\WINDOWS\SYSTEM32\WINMM.dll
0x00007ffdefc40000 - 0x00007ffdefcab000 	C:\WINDOWS\System32\WS2_32.dll
0x00007ffdec390000 - 0x00007ffdec3a2000 	C:\WINDOWS\SYSTEM32\kernel.appcore.dll
0x00007ffde0ce0000 - 0x00007ffde0cea000 	C:\Users\saman\.jdks\openjdk-20.0.1\bin\jimage.dll
0x00007ffdec000000 - 0x00007ffdec1e4000 	C:\WINDOWS\SYSTEM32\DBGHELP.DLL
0x00007ffde1e90000 - 0x00007ffde1ec4000 	C:\WINDOWS\SYSTEM32\dbgcore.DLL
0x00007ffdee0a0000 - 0x00007ffdee122000 	C:\WINDOWS\System32\bcryptPrimitives.dll
0x00007ffdc77a0000 - 0x00007ffdc77ae000 	C:\Users\saman\.jdks\openjdk-20.0.1\bin\instrument.dll
0x00007ffdc0880000 - 0x00007ffdc08a6000 	C:\Users\saman\.jdks\openjdk-20.0.1\bin\java.dll

dbghelp: loaded successfully - version: 4.0.5 - missing functions: none
symbol engine: initialized successfully - sym options: 0x614 - pdb path: .;C:\Users\saman\.jdks\openjdk-20.0.1\bin;C:\WINDOWS\SYSTEM32;C:\WINDOWS\WinSxS\amd64_microsoft.windows.common-controls_6595b64144ccf1df_6.0.19041.1110_none_60b5254171f9507e;C:\Users\saman\.jdks\openjdk-20.0.1\bin\server

VM Arguments:
jvm_args: -javaagent:C:\Program Files\JetBrains\IntelliJ IDEA Community Edition 2023.1.2\lib\idea_rt.jar=8525:C:\Program Files\JetBrains\IntelliJ IDEA Community Edition 2023.1.2\bin -Dfile.encoding=UTF-8 -Dsun.stdout.encoding=UTF-8 -Dsun.stderr.encoding=UTF-8 
java_command: com.sam.app.submission.SubmissionApplication
java_class_path (initial): C:\Users\saman\Desktop\marketing\submission\target\classes;C:\Users\saman\.m2\repository\org\springframework\boot\spring-boot-starter-data-jpa\3.0.8\spring-boot-starter-data-jpa-3.0.8.jar;C:\Users\saman\.m2\repository\org\springframework\boot\spring-boot-starter-aop\3.0.8\spring-boot-starter-aop-3.0.8.jar;C:\Users\saman\.m2\repository\org\springframework\spring-aop\6.0.10\spring-aop-6.0.10.jar;C:\Users\saman\.m2\repository\org\aspectj\aspectjweaver\1.9.19\aspectjweaver-1.9.19.jar;C:\Users\saman\.m2\repository\org\springframework\boot\spring-boot-starter-jdbc\3.0.8\spring-boot-starter-jdbc-3.0.8.jar;C:\Users\saman\.m2\repository\com\zaxxer\HikariCP\5.0.1\HikariCP-5.0.1.jar;C:\Users\saman\.m2\repository\org\springframework\spring-jdbc\6.0.10\spring-jdbc-6.0.10.jar;C:\Users\saman\.m2\repository\org\hibernate\orm\hibernate-core\6.1.7.Final\hibernate-core-6.1.7.Final.jar;C:\Users\saman\.m2\repository\jakarta\persistence\jakarta.persistence-api\3.1.0\jakarta.persistence-api-3.1.0.jar;C:\Users\saman\.m2\repository\jakarta\transaction\jakarta.transaction-api\2.0.1\jakarta.transaction-api-2.0.1.jar;C:\Users\saman\.m2\repository\org\jboss\logging\jboss-logging\3.5.1.Final\jboss-logging-3.5.1.Final.jar;C:\Users\saman\.m2\repository\org\hibernate\common\hibernate-commons-annotations\6.0.6.Final\hibernate-commons-annotations-6.0.6.Final.jar;C:\Users\saman\.m2\repository\org\jboss\jandex\2.4.2.Final\jandex-2.4.2.Final.jar;C:\Users\saman\.m2\repository\com\fasterxml\classmate\1.5.1\classmate-1.5.1.jar;C:\Users\saman\.m2\repository\net\bytebuddy\byte-buddy\1.12.23\byte-buddy-1.12.23.jar;C:\Users\saman\.m2\repository\org\glassfish\jaxb\jaxb-runtime\4.0.3\jaxb-runtime-4.0.3.jar;C:\Users\saman\.m2\repository\org\glassfish\jaxb\jaxb-core\4.0.3\jaxb-core-4.0.3.jar;C:\Users\saman\.m2\repository\org\eclipse\angus\angus-activation\2.0.1\angus-activation-2.0.1.jar;C:\Users\saman\.m2\repository\org\glassfish\jaxb\txw2\4.0.3\txw2-4.0.3.jar;C:\Users\saman\.m2\repository\com\sun\istack\istack-commons-runtime\4.1.2\istack-commons-runtime-4.1.2.jar;C:\Users\saman\.m2\repository\jakarta\inject\jakarta.inject-api\2.0.0\jakarta.inject-api-2.0.0.jar;C:\Users\saman\.m2\repository\org\antlr\antlr4-runtime\4.10.1\antlr4-runtime-4.10.1.jar;C:\Users\saman\.m2\repository\org\springframework\data\spring-data-jpa\3.0.7\spring-data-jpa-3.0.7.jar;C:\Users\saman\.m2\repository\org\springframework\data\spring-data-commons\3.0.7\spring-data-commons-3.0.7.jar;C:\Users\saman\.m2\repository\org\springframework\spring-orm\6.0.10\spring-orm-6.0.10.jar;C:\Users\saman\.m2\repository\org\springframework\spring-context\6.0.10\spring-context-6.0.10.jar;C:\Users\saman\.m2\repository\org\springframework\spring-tx\6.0.10\spring-tx-6.0.10.jar;C:\Users\saman\.m2\repository\org\springframework\spring-beans\6.0.10\spring-beans-6.0.10.jar;C:\Users\saman\.m2\repository\jakarta\annotation\jakarta.annotation-api\2.1.1\jakarta.annotation-api-2.1.1.jar;C:\Users\saman\.m2\repository\org\slf4j\slf4j-api\2.0.7\slf4j-api-2.0.7.jar;C:\Users\saman\.m2\repository\org\springframework\spring-aspects\6.0.10\spring-aspects-6.0.10.jar;C:\Users\saman\.m2\repository\org\springframework\boot\spring-boot-starter-web\3.0.8\spring-boot-starter-web-3.0.8.jar;C:\Users\saman\.m2\repository\org\springframework\boot\spring-boot-starter\3.0.8\spring-boot-starter-3.0.8.jar;C:\Users\saman\.m2\repository\org\springframework\boot\spring-boot\3.0.8\spring-boot-3.0.8.jar;C:\Users\saman\.m2\repository\org\springframework\boot\spring-boot-autoconfigure\3.0.8\spring-boot-autoconfigure-3.0.8.jar;C:\Users\saman\.m2\repository\org\springframework\boot\spring-boot-starter-logging\3.0.8\spring-boot-starter-logging-3.0.8.jar;C:\Users\saman\.m2\repository\ch\qos\logback\logback-classic\1.4.8\logback-classic-1.4.8.jar;C:\Users\saman\.m2\repository\ch\qos\logback\logback-core\1.4.8\logback-core-1.4.8.jar;C:\Users\saman\.m2\repository\org\apache\logging\log4j\log4j-to-slf4j\2.19.0\log4j-to-slf4j-2.19.0.jar;C:\Users\saman\.m2\repository\org\apache\logging\log4j\log4j-api\2.19.0\log4j-api-2.19.0.jar;C:\Users\saman\.m2\repository\org\slf4j\jul-to-slf4j\2.0.7\jul-to-slf4j-2.0.7.jar;C:\Users\saman\.m2\repository\org\yaml\snakeyaml\1.33\snakeyaml-1.33.jar;C:\Users\saman\.m2\repository\org\springframework\boot\spring-boot-starter-json\3.0.8\spring-boot-starter-json-3.0.8.jar;C:\Users\saman\.m2\repository\com\fasterxml\jackson\core\jackson-databind\2.14.3\jackson-databind-2.14.3.jar;C:\Users\saman\.m2\repository\com\fasterxml\jackson\core\jackson-annotations\2.14.3\jackson-annotations-2.14.3.jar;C:\Users\saman\.m2\repository\com\fasterxml\jackson\core\jackson-core\2.14.3\jackson-core-2.14.3.jar;C:\Users\saman\.m2\repository\com\fasterxml\jackson\datatype\jackson-datatype-jdk8\2.14.3\jackson-datatype-jdk8-2.14.3.jar;C:\Users\saman\.m2\repository\com\fasterxml\jackson\datatype\jackson-datatype-jsr310\2.14.3\jackson-datatype-jsr310-2.14.3.jar;C:\Users\saman\.m2\repository\com\fasterxml\jackson\module\jackson-module-parameter-names\2.14.3\jackson-module-parameter-names-2.14.3.jar;C:\Users\saman\.m2\repository\org\springframework\boot\spring-boot-starter-tomcat\3.0.8\spring-boot-starter-tomcat-3.0.8.jar;C:\Users\saman\.m2\repository\org\apache\tomcat\embed\tomcat-embed-core\10.1.10\tomcat-embed-core-10.1.10.jar;C:\Users\saman\.m2\repository\org\apache\tomcat\embed\tomcat-embed-el\10.1.10\tomcat-embed-el-10.1.10.jar;C:\Users\saman\.m2\repository\org\apache\tomcat\embed\tomcat-embed-websocket\10.1.10\tomcat-embed-websocket-10.1.10.jar;C:\Users\saman\.m2\repository\org\springframework\spring-web\6.0.10\spring-web-6.0.10.jar;C:\Users\saman\.m2\repository\io\micrometer\micrometer-observation\1.10.8\micrometer-observation-1.10.8.jar;C:\Users\saman\.m2\repository\io\micrometer\micrometer-commons\1.10.8\micrometer-commons-1.10.8.jar;C:\Users\saman\.m2\repository\org\springframework\spring-webmvc\6.0.10\spring-webmvc-6.0.10.jar;C:\Users\saman\.m2\repository\org\springframework\spring-expression\6.0.10\spring-expression-6.0.10.jar;C:\Users\saman\.m2\repository\com\mysql\mysql-connector-j\8.0.33\mysql-connector-j-8.0.33.jar;C:\Users\saman\.m2\repository\org\projectlombok\lombok\1.18.28\lombok-1.18.28.jar;C:\Users\saman\.m2\repository\jakarta\xml\bind\jakarta.xml.bind-api\4.0.0\jakarta.xml.bind-api-4.0.0.jar;C:\Users\saman\.m2\repository\jakarta\activation\jakarta.activation-api\2.1.2\jakarta.activation-api-2.1.2.jar;C:\Users\saman\.m2\repository\org\springframework\spring-core\6.0.10\spring-core-6.0.10.jar;C:\Users\saman\.m2\repository\org\springframework\spring-jcl\6.0.10\spring-jcl-6.0.10.jar
Launcher Type: SUN_STANDARD

[Global flags]
     intx CICompilerCount                          = 4                                         {product} {ergonomic}
     uint ConcGCThreads                            = 2                                         {product} {ergonomic}
     uint G1ConcRefinementThreads                  = 8                                         {product} {ergonomic}
   size_t G1HeapRegionSize                         = 2097152                                   {product} {ergonomic}
    uintx GCDrainStackTargetSize                   = 64                                        {product} {ergonomic}
   size_t InitialHeapSize                          = 201326592                                 {product} {ergonomic}
   size_t MarkStackSize                            = 4194304                                   {product} {ergonomic}
   size_t MaxHeapSize                              = 3189768192                                {product} {ergonomic}
   size_t MinHeapDeltaBytes                        = 2097152                                   {product} {ergonomic}
   size_t MinHeapSize                              = 8388608                                   {product} {ergonomic}
    uintx NonNMethodCodeHeapSize                   = 5839372                                {pd product} {ergonomic}
    uintx NonProfiledCodeHeapSize                  = 122909434                              {pd product} {ergonomic}
    uintx ProfiledCodeHeapSize                     = 122909434                              {pd product} {ergonomic}
    uintx ReservedCodeCacheSize                    = 251658240                              {pd product} {ergonomic}
     bool SegmentedCodeCache                       = true                                      {product} {ergonomic}
   size_t SoftMaxHeapSize                          = 3189768192                             {manageable} {ergonomic}
     bool UseCompressedClassPointers               = true                           {product lp64_product} {ergonomic}
     bool UseCompressedOops                        = true                           {product lp64_product} {ergonomic}
     bool UseG1GC                                  = true                                      {product} {ergonomic}
     bool UseLargePagesIndividualAllocation        = false                                  {pd product} {ergonomic}

Logging:
Log output configuration:
 #0: stdout all=warning uptime,level,tags foldmultilines=false
 #1: stderr all=off uptime,level,tags foldmultilines=false

Environment Variables:
CLASSPATH=C:\Program Files\Java\jdk1.8.0_191\bin;C:\Program Files\Java\jre1.8.0_191\bin;.;
PATH=C:\Program Files (x86)\Common Files\Oracle\Java\javapath;C:\Program Files (x86)\Intel\iCLS Client\;C:\Program Files\Intel\iCLS Client\;C:\WINDOWS\system32;C:\WINDOWS;C:\WINDOWS\System32\Wbem;C:\WINDOWS\System32\WindowsPowerShell\v1.0\;C:\Program Files (x86)\Intel\Intel(R) Management Engine Components\DAL;C:\Program Files\Intel\Intel(R) Management Engine Components\DAL;C:\Program Files (x86)\Intel\Intel(R) Management Engine Components\IPT;C:\Program Files\Intel\Intel(R) Management Engine Components\IPT;C:\WINDOWS\System32\OpenSSH\;C:\Program Files\Intel\WiFi\bin\;C:\Program Files\Common Files\Intel\WirelessCommon\C:\Program Files\Java\jdk1.8.0_191\bin;C:\Program Files\Java\jre1.8.0_191\bin;C:\Program Files\Common Files\Intel\WirelessCommon\;C:\Android;C:\Windows\System32;C:\Program Files\Git\cmd;C:\Program Files\nodejs\;C:\Program Files\apache-maven-3.9.3-bin\apache-maven-3.9.3\bin;C:\Program Files\MySQL\MySQL Shell 8.0\bin\;C:\Users\saman\AppData\Local\Microsoft\WindowsApps;C:\Program Files\JetBrains\PyCharm 2021.3.2\bin;;C:\Users\saman\AppData\Local\Programs\Microsoft VS Code\bin;C:\Users\saman\AppData\Roaming\npm
USERNAME=saman
OS=Windows_NT
PROCESSOR_IDENTIFIER=Intel64 Family 6 Model 142 Stepping 10, GenuineIntel
TMP=C:\Users\saman\AppData\Local\Temp
TEMP=C:\Users\saman\AppData\Local\Temp




---------------  S Y S T E M  ---------------

OS:
 Windows 10 , 64 bit Build 19041 (10.0.19041.3155)
OS uptime: 1 days 5:32 hours

CPU: total 8 (initial active 8) (4 cores per cpu, 2 threads per core) family 6 model 142 stepping 10 microcode 0xb4, cx8, cmov, fxsr, ht, mmx, 3dnowpref, sse, sse2, sse3, ssse3, sse4.1, sse4.2, popcnt, lzcnt, tsc, tscinvbit, avx, avx2, aes, erms, clmul, bmi1, bmi2, adx, fma, vzeroupper, clflush, clflushopt, rdtscp, f16c

Memory: 4k page, system-wide physical 12161M (1454M free)
TotalPageFile size 49025M (AvailPageFile size 180M)
current process WorkingSet (physical memory assigned to process): 10M, peak: 10M
current process commit charge ("private bytes"): 60M, peak: 252M

vm_info: OpenJDK 64-Bit Server VM (20.0.1+9-29) for windows-amd64 JRE (20.0.1+9-29), built on 2023-03-07T13:56:11Z by "mach5one" with MS VC++ 17.1 (VS2022)

END.
